2026-01-06 20:56:25,605 | INFO | ADMIN | Admin login attempt: admin@gmail.com
2026-01-06 20:56:25,931 | INFO | ADMIN | Admin login successful: admin@gmail.com
2026-01-06 21:19:25,627 | INFO | ADMIN | Admin login attempt: admin@gmail.com
2026-01-06 21:19:25,808 | INFO | ADMIN | Admin login successful: admin@gmail.com
2026-01-06 21:19:30,794 | INFO | ADMIN | Admin resumes CSV export started
2026-01-06 21:19:30,811 | INFO | ADMIN | Resumes CSV export completed (4 rows)
2026-01-06 21:19:36,799 | INFO | ADMIN | GET /api/admin/users called
2026-01-06 21:19:36,814 | INFO | ADMIN | Fetched 3 users
2026-01-06 21:19:36,842 | INFO | ADMIN | Admin users CSV export started
2026-01-06 21:19:36,859 | INFO | ADMIN | Users CSV export completed (3 rows)
2026-01-06 21:19:39,762 | INFO | ADMIN | Admin resumes CSV export started
2026-01-06 21:19:39,777 | INFO | ADMIN | Resumes CSV export completed (4 rows)
2026-01-06 21:19:43,174 | INFO | ADMIN | GET /api/admin/users called
2026-01-06 21:19:43,189 | INFO | ADMIN | Fetched 3 users
2026-01-06 21:19:43,212 | INFO | ADMIN | Admin users CSV export started
2026-01-06 21:19:43,226 | INFO | ADMIN | Users CSV export completed (3 rows)
2026-01-06 21:19:47,597 | INFO | ADMIN | GET /api/admin/users called
2026-01-06 21:19:47,611 | INFO | ADMIN | Fetched 3 users
2026-01-06 21:19:47,646 | INFO | ADMIN | Blocking user: rathodmihir1113@gmail.com
2026-01-06 21:19:47,670 | INFO | ADMIN | User blocked: rathodmihir1113@gmail.com
2026-01-06 21:19:47,760 | INFO | ADMIN | GET /api/admin/users called
2026-01-06 21:19:47,777 | INFO | ADMIN | Fetched 3 users
2026-01-06 21:19:47,806 | INFO | ADMIN | Admin users CSV export started
2026-01-06 21:19:47,821 | INFO | ADMIN | Users CSV export completed (3 rows)
2026-01-06 21:19:49,217 | INFO | ADMIN | GET /api/admin/users called
2026-01-06 21:19:49,235 | INFO | ADMIN | Fetched 3 users
2026-01-06 21:19:49,262 | INFO | ADMIN | Unblocking user: rathodmihir1113@gmail.com
2026-01-06 21:19:49,280 | INFO | ADMIN | User unblocked: rathodmihir1113@gmail.com
2026-01-06 21:19:49,393 | INFO | ADMIN | GET /api/admin/users called
2026-01-06 21:19:49,407 | INFO | ADMIN | Fetched 3 users
2026-01-06 21:19:49,432 | INFO | ADMIN | Admin users CSV export started
2026-01-06 21:19:49,449 | INFO | ADMIN | Users CSV export completed (3 rows)
2026-01-06 22:11:39,412 | INFO | ADMIN | Admin login attempt: admin@gmail.com
2026-01-06 22:11:39,773 | INFO | ADMIN | Admin login successful: admin@gmail.com
2026-01-06 22:42:00,968 | INFO | ADMIN | Admin login attempt: admin@gmail.com
2026-01-06 22:42:01,301 | INFO | ADMIN | Admin login successful: admin@gmail.com
2026-01-06 22:42:05,029 | INFO | ADMIN | GET /api/admin/users called
2026-01-06 22:42:05,044 | INFO | ADMIN | Fetched 3 users
2026-01-06 22:42:05,067 | INFO | ADMIN | Admin users CSV export started
2026-01-06 22:42:05,090 | INFO | ADMIN | Users CSV export completed (3 rows)
2026-01-06 22:42:10,333 | INFO | ADMIN | Admin resumes CSV export started
2026-01-06 22:42:10,351 | INFO | ADMIN | Resumes CSV export completed (4 rows)
2026-01-06 22:43:17,301 | INFO | ADMIN | GET /api/admin/users called
2026-01-06 22:43:17,342 | INFO | ADMIN | Fetched 3 users
2026-01-06 22:43:17,369 | INFO | ADMIN | Admin users CSV export started
2026-01-06 22:43:17,411 | INFO | ADMIN | Users CSV export completed (3 rows)
2026-01-06 22:43:19,244 | INFO | ADMIN | GET /api/admin/users called
2026-01-06 22:43:19,259 | INFO | ADMIN | Fetched 3 users
2026-01-06 22:43:19,280 | INFO | ADMIN | Admin users CSV export started
2026-01-06 22:43:19,296 | INFO | ADMIN | Users CSV export completed (3 rows)
2026-01-06 22:43:40,127 | INFO | ADMIN | Admin resumes CSV export started
2026-01-06 22:43:40,147 | INFO | ADMIN | Resumes CSV export completed (4 rows)
2026-01-06 22:43:41,488 | INFO | ADMIN | Admin resumes CSV export started
2026-01-06 22:43:41,503 | INFO | ADMIN | Resumes CSV export completed (4 rows)
2026-01-06 22:44:13,208 | INFO | ADMIN | Admin resumes CSV export started
2026-01-06 22:44:13,223 | INFO | ADMIN | Resumes CSV export completed (4 rows)
2026-01-06 22:47:29,278 | INFO | ADMIN | Admin login attempt: admin@gmail.com
2026-01-06 22:47:29,453 | INFO | ADMIN | Admin login successful: admin@gmail.com
2026-01-06 22:47:31,698 | INFO | ADMIN | GET /api/admin/users called
2026-01-06 22:47:31,714 | INFO | ADMIN | Fetched 3 users
2026-01-06 22:47:31,733 | INFO | ADMIN | Admin users CSV export started
2026-01-06 22:47:31,749 | INFO | ADMIN | Users CSV export completed (3 rows)
2026-01-06 22:48:09,872 | INFO | ADMIN | GET /api/admin/users called
2026-01-06 22:48:09,917 | INFO | ADMIN | Fetched 3 users
2026-01-06 22:48:09,947 | INFO | ADMIN | Admin users CSV export started
2026-01-06 22:48:09,961 | INFO | ADMIN | Users CSV export completed (3 rows)
2026-01-07 18:04:55,224 | INFO | ADMIN | Admin login attempt: admin@gmail.com
2026-01-07 18:04:55,605 | INFO | ADMIN | Admin login successful: admin@gmail.com
2026-01-07 18:05:03,012 | INFO | ADMIN | GET /api/admin/users called
2026-01-07 18:05:03,031 | INFO | ADMIN | Fetched 4 users
2026-01-07 18:05:03,057 | INFO | ADMIN | Admin users CSV export started
2026-01-07 18:05:03,081 | INFO | ADMIN | Users CSV export completed (4 rows)
2026-01-07 18:05:05,354 | INFO | ADMIN | GET /api/admin/users called
2026-01-07 18:05:05,374 | INFO | ADMIN | Fetched 4 users
2026-01-07 18:05:05,400 | INFO | ADMIN | Admin users CSV export started
2026-01-07 18:05:05,419 | INFO | ADMIN | Users CSV export completed (4 rows)
2026-01-07 18:10:33,492 | INFO | ADMIN | Admin login attempt: admin@gmail.com
2026-01-07 18:10:33,679 | INFO | ADMIN | Admin login successful: admin@gmail.com
2026-01-07 18:17:41,603 | INFO | ADMIN | Admin login attempt: admin@gmail.com
2026-01-07 18:17:41,779 | INFO | ADMIN | Admin login successful: admin@gmail.com
2026-01-07 18:17:43,828 | INFO | ADMIN | GET /api/admin/users called
2026-01-07 18:17:43,862 | INFO | ADMIN | Fetched 4 users
2026-01-07 18:17:43,893 | INFO | ADMIN | Admin users CSV export started
2026-01-07 18:17:43,925 | INFO | ADMIN | Users CSV export completed (4 rows)
2026-01-07 18:19:15,478 | INFO | ADMIN | Admin login attempt: admin@gmail.com
2026-01-07 18:19:15,657 | INFO | ADMIN | Admin login successful: admin@gmail.com
2026-01-07 18:20:49,940 | INFO | ADMIN | Admin login attempt: admin@gmail.com
2026-01-07 18:20:50,124 | INFO | ADMIN | Admin login successful: admin@gmail.com
2026-01-07 18:25:03,001 | INFO | ADMIN | Admin login attempt: admin@gmail.com
2026-01-07 18:25:03,184 | INFO | ADMIN | Admin login successful: admin@gmail.com
2026-01-07 18:26:27,597 | INFO | ADMIN | Admin login attempt: admin@gmail.com
2026-01-07 18:26:27,775 | INFO | ADMIN | Admin login successful: admin@gmail.com
2026-01-07 18:39:02,702 | INFO | ADMIN | Admin login attempt: admin@gmail.com
2026-01-07 18:39:02,888 | INFO | ADMIN | Admin login successful: admin@gmail.com
2026-01-07 20:22:42,836 | INFO | ADMIN | Admin login attempt: admin@gmail.com
2026-01-07 20:22:43,167 | INFO | ADMIN | Admin login successful: admin@gmail.com
2026-01-07 20:22:47,932 | INFO | ADMIN | GET /api/admin/users called
2026-01-07 20:22:47,949 | INFO | ADMIN | Fetched 4 users
2026-01-07 20:22:47,973 | INFO | ADMIN | Admin users CSV export started
2026-01-07 20:22:47,989 | INFO | ADMIN | Users CSV export completed (4 rows)
2026-01-07 20:32:42,565 | INFO | ADMIN | Admin login attempt: admin@gmail.com
2026-01-07 20:32:42,968 | INFO | ADMIN | Admin login successful: admin@gmail.com
2026-01-07 20:35:11,291 | INFO | ADMIN | Admin login attempt: admin@gmail.com
2026-01-07 20:35:11,468 | INFO | ADMIN | Admin login successful: admin@gmail.com
2026-01-07 20:50:01,291 | INFO | ADMIN | Admin login attempt: admin@gmail.com
2026-01-07 20:50:01,602 | INFO | ADMIN | Admin login successful: admin@gmail.com
2026-01-07 20:53:08,220 | INFO | ADMIN | Admin login attempt: admin@gmail.com
2026-01-07 20:53:08,379 | INFO | ADMIN | Admin login successful: admin@gmail.com
2026-01-07 20:58:52,183 | INFO | ADMIN | Admin login attempt: admin@gmail.com
2026-01-07 20:58:52,338 | INFO | ADMIN | Admin login successful: admin@gmail.com
2026-01-07 20:58:56,408 | INFO | ADMIN | GET /api/admin/users called
2026-01-07 20:58:56,422 | INFO | ADMIN | Fetched 4 users
2026-01-07 20:58:56,443 | INFO | ADMIN | Admin users CSV export started
2026-01-07 20:58:56,459 | INFO | ADMIN | Users CSV export completed (4 rows)
2026-01-07 21:04:38,768 | INFO | ADMIN | Admin login attempt: admin@gmail.com
2026-01-07 21:04:38,932 | INFO | ADMIN | Admin login successful: admin@gmail.com
2026-01-07 21:05:40,265 | INFO | ADMIN | Admin login attempt: admin@gmail.com
2026-01-07 21:05:40,619 | INFO | ADMIN | Admin login successful: admin@gmail.com
2026-01-07 21:11:27,662 | INFO | ADMIN | Admin login attempt: admin@gmail.com
2026-01-07 21:11:27,823 | INFO | ADMIN | Admin login successful: admin@gmail.com
2026-01-08 17:32:59,526 | INFO | ADMIN | Admin login attempt: admin@gmail.com
2026-01-08 17:32:59,934 | INFO | ADMIN | Admin login successful: admin@gmail.com
2026-01-08 17:33:14,919 | INFO | ADMIN | GET /api/admin/users called
2026-01-08 17:33:14,936 | INFO | ADMIN | Fetched 4 users
2026-01-08 17:33:14,969 | INFO | ADMIN | Admin users CSV export started
2026-01-08 17:33:14,986 | INFO | ADMIN | Users CSV export completed (4 rows)
2026-01-08 18:05:52,381 | INFO | ADMIN | GET /api/admin/users called
2026-01-08 18:05:52,398 | INFO | ADMIN | Fetched 4 users
2026-01-08 18:12:39,383 | INFO | ADMIN | GET /api/admin/users called
2026-01-08 18:12:39,404 | INFO | ADMIN | Fetched 4 users
2026-01-08 19:23:22,830 | INFO | ADMIN | GET /api/admin/users called
2026-01-08 19:23:22,844 | INFO | ADMIN | Fetched 4 users
2026-01-08 19:23:48,029 | INFO | ADMIN | GET /api/admin/users called
2026-01-08 19:23:48,052 | INFO | ADMIN | Fetched 4 users
2026-01-08 19:23:51,541 | INFO | ADMIN | GET /api/admin/users called
2026-01-08 19:23:51,559 | INFO | ADMIN | Fetched 4 users
2026-01-08 19:23:51,698 | INFO | ADMIN | GET /api/admin/users called
2026-01-08 19:23:51,714 | INFO | ADMIN | Fetched 4 users
2026-01-08 19:23:52,808 | INFO | ADMIN | GET /api/admin/users called
2026-01-08 19:23:52,824 | INFO | ADMIN | Fetched 4 users
2026-01-08 19:23:52,972 | INFO | ADMIN | GET /api/admin/users called
2026-01-08 19:23:52,987 | INFO | ADMIN | Fetched 4 users
2026-01-08 19:23:56,578 | INFO | ADMIN | GET /api/admin/users called
2026-01-08 19:23:56,593 | INFO | ADMIN | Fetched 4 users
2026-01-08 19:23:56,728 | INFO | ADMIN | GET /api/admin/users called
2026-01-08 19:23:56,742 | INFO | ADMIN | Fetched 4 users
2026-01-08 19:23:57,958 | INFO | ADMIN | GET /api/admin/users called
2026-01-08 19:23:57,973 | INFO | ADMIN | Fetched 4 users
2026-01-08 19:23:58,161 | INFO | ADMIN | GET /api/admin/users called
2026-01-08 19:23:58,176 | INFO | ADMIN | Fetched 4 users
2026-01-08 19:24:01,182 | INFO | ADMIN | GET /api/admin/users called
2026-01-08 19:24:01,207 | INFO | ADMIN | Fetched 4 users
2026-01-08 19:24:35,810 | INFO | ADMIN | GET /api/admin/users called
2026-01-08 19:24:35,824 | INFO | ADMIN | Fetched 4 users
2026-01-08 19:33:21,674 | INFO | ADMIN | GET /api/admin/users called
2026-01-08 19:33:21,693 | INFO | ADMIN | Fetched 4 users
2026-01-08 19:41:56,518 | INFO | ADMIN | GET /api/admin/users called
2026-01-08 19:41:56,537 | INFO | ADMIN | Fetched 4 users
2026-01-08 19:42:05,989 | INFO | ADMIN | GET /api/admin/users called
2026-01-08 19:42:06,005 | INFO | ADMIN | Fetched 4 users
2026-01-08 19:42:06,173 | INFO | ADMIN | GET /api/admin/users called
2026-01-08 19:42:06,187 | INFO | ADMIN | Fetched 4 users
2026-01-08 19:42:07,117 | INFO | ADMIN | GET /api/admin/users called
2026-01-08 19:42:07,134 | INFO | ADMIN | Fetched 4 users
2026-01-08 19:42:07,290 | INFO | ADMIN | GET /api/admin/users called
2026-01-08 19:42:07,305 | INFO | ADMIN | Fetched 4 users
2026-01-08 19:42:08,378 | INFO | ADMIN | GET /api/admin/users called
2026-01-08 19:42:08,393 | INFO | ADMIN | Fetched 4 users
2026-01-08 19:42:08,549 | INFO | ADMIN | GET /api/admin/users called
2026-01-08 19:42:08,563 | INFO | ADMIN | Fetched 3 users
2026-02-10 12:28:34,625 | INFO | ADMIN | GET /api/admin/users called
2026-02-10 12:28:35,249 | INFO | ADMIN | Fetched 6 users
